使用编译脚本: F:\CX900_GCC_OFF_V1.1\bin\x86\Debug\compile.bat
工作目录: F:\CX900_GCC_OFF_V1.1\bin\x86\Debug

[15:11:51.957] ================================================
[15:11:51.959] 编译环境信息
[15:11:51.961] ================================================
[15:11:51.961] 工作目录: F:\CX900_GCC_OFF_V1.1\bin\x86\Debug
[15:11:51.965] GCC版本:
[15:11:52.018] arm-none-eabi-gcc (GNU Arm Embedded Toolchain 10.3-2021.10) 10.3.1 20210824 (release)
[15:11:52.023] ================================================
[15:11:52.026] 开始编译...
[15:11:52.027] ================================================
[15:11:52.101] gcc-arm-none-eabi-10.3-2021.10/bin/arm-none-eabi-gcc -c -mcpu=cortex-m4 -mthumb   -DUSE_STDPERIPH_DRIVER -DGD32F30X_HD -IFirmware/CMSIS -IFirmware/CMSIS/GD/GD32F30x/Include -IFirmware/GD32F30x_standard_peripheral/Include -IUSER -ICMD -IFatFs/src/ -IFatFs/src/drivers -IGPU -ILCD -IMALLOC -Isdio -ISoft_Drive -ITEXT -IYMODEM -IModule -IMB/modbus/include -IMB/modbus/ascii -IMB/modbus/rtu -IMB/modbus/tcp -IMB/port -IMB/user_app  -O1 -Wall -fdata-sections -ffunction-sections -std=c99 -g -gdwarf-2 -MMD -MP -MF"build/power_task.d" -Wa,-a,-ad,-alms=build/power_task.lst Module/power_task.c -o build/power_task.o
[15:11:52.291] Module/power_task.c: In function 'Power_Off':
[15:11:52.293] Module/power_task.c:25:23: error: expected ';' before 'SPI_WriteData'
[15:11:52.295] 25 |     SPI_WriteCmd(0xB7)
[15:11:52.297] |                       ^
[15:11:52.299] |                       ;
[15:11:52.302] 26 |     SPI_WriteData(0x50);//10=TX_CLK 50=PCLK
[15:11:52.304] |     ~~~~~~~~~~~~~
[15:11:52.305] Module/power_task.c: In function 'Power_On':
[15:11:52.305] ================================================
[15:11:52.307] Module/power_task.c:89:13: warning: unused variable 'ret' [-Wunused-variable]
[15:11:52.308] 编译失败 2
╔════════════════════════════╗
[15:11:52.314] 89 |     uint8_t ret=0;
[15:11:52.317] ================================================
║ 编译失败! 未生成.bin文件║
[15:11:52.319] |             ^~~
╚════════════════════════════╝
[15:11:52.324] Module/power_task.c:88:13: warning: unused variable 'readbuf' [-Wunused-variable]
[15:11:52.327] 88 |     uint8_t readbuf[10]={0};
[15:11:52.328] |             ^~~~~~~
[15:11:52.346] Module/power_task.c:87:22: warning: unused variable 'srtmipiport' [-Wunused-variable]
